<?xml version="1.0" encoding="UTF-8"?>
<!-- Generated by org.testng.reporters.JUnitReportReporter -->
<testsuite hostname="C02HD55GQ6L5" failures="0" tests="1" name="collection.put" time="1.861" errors="0" timestamp="2023-05-16T14:48:23 IST" skipped="0">
  <testcase classname="collection.put" name="tc4" time="1.861"/>
  <system-out/>
</testsuite> <!-- collection.put -->
