<?xml version="1.0" encoding="UTF-8"?>
<!-- Generated by org.testng.reporters.JUnitReportReporter -->
<testsuite hostname="C02HD55GQ6L5" failures="0" tests="1" name="collection.delect" time="1.839" errors="0" timestamp="2023-05-16T14:35:30 IST" skipped="0">
  <testcase classname="collection.delect" name="tc3" time="1.839"/>
  <system-out/>
</testsuite> <!-- collection.delect -->
