<?xml version="1.0" encoding="UTF-8"?>
<!-- Generated by org.testng.reporters.JUnitReportReporter -->
<testsuite hostname="C02HD55GQ6L5" failures="0" tests="1" name="collection.get" time="1.842" errors="0" timestamp="2023-05-16T14:47:06 IST" skipped="0">
  <testcase classname="collection.get" name="tc1" time="1.842"/>
  <system-out/>
</testsuite> <!-- collection.get -->
